1736366444372 --population=population.csv 
1736366444384 --covid=covid_data.csv 
1736366444384 --properties=properties.csv 
1736366444384 --log=newLog.log 
1736366444388 covid_data.csv
1736366444798 population.csv
1736366444801 properties.csv
1736366973259 --population=population.csv 
1736366973272 --properties=properties.csv 
1736366973272 --log=newLog.log 
1736366973275 population.csv
1736366973279 properties.csv
1736366988686 1
1736367017284 --properties=properties.csv 
1736367017296 --log=newLog.log 
1736367017300 properties.csv
1736367038249 1
1736367101759 --properties=properties.csv 
1736367101773 --log=newLog.log 
1736367101775 properties.csv
1736367114544 1
